<component name="libraryTable">
  <library name="junit.platform.console" type="repository">
    <properties maven-id="org.junit.platform:junit-platform-console:1.9.2" />
    <CLASSES>
      <root url="jar://$PROJECT_DIR$/lib/junit-platform-console-1.9.2.jar!/" />
      <root url="jar://$PROJECT_DIR$/lib/junit-platform-reporting-1.9.2.jar!/" />
      <root url="jar://$PROJECT_DIR$/lib/junit-platform-launcher-1.9.2.jar!/" />
      <root url="jar://$PROJECT_DIR$/lib/junit-platform-engine-1.9.2.jar!/" />
      <root url="jar://$PROJECT_DIR$/lib/opentest4j-1.2.0.jar!/" />
      <root url="jar://$PROJECT_DIR$/lib/junit-platform-commons-1.9.2.jar!/" />
      <root url="jar://$PROJECT_DIR$/lib/apiguardian-api-1.1.2.jar!/" />
    </CLASSES>
    <JAVADOC />
    <SOURCES />
  </library>
</component>